14
6			0	0	1	1	1	1
6			0	1	1	0	1	1
5			0	1	1	1	1
6			0	1	1	1	1	0
6			0	1	1	1	1	1
6			1	0	1	0	1	0
6			1	0	1	1	1	0
6			1	0	1	1	1	1
6			1	1	0	0	0	0
5			1	1	0	1	1
6			1	1	0	1	1	0
4			1	1	1	1
5			1	1	1	1	0
5			1	1	1	1	1

16
6			0	0	1	0	1	1
6			0	0	1	1	0	0
6			0	1	0	1	0	1
5			0	1	0	1	1
6			0	1	0	1	1	0
5			0	1	1	0	0
6			0	1	1	1	0	1
5			1	0	0	0	1
6			1	0	0	1	1	1
6			1	0	1	0	1	1
6			1	1	0	0	0	1
4			1	1	0	1
6			1	1	0	1	1	1
5			1	1	1	0	1
6			1	1	1	1	0	0
6			1	1	1	1	0	1

7
3 1 0
3 6 1
6 4 0
4 5 1
6 5 0
2 6 0
3 0 1
