13
5			0	0	0	1	0
5			0	0	0	1	1
6			0	0	1	1	0	1
5			0	1	0	0	1
6			0	1	0	1	0	0
5			1	0	0	0	1
6			1	0	0	0	1	0
6			1	0	0	0	1	1
6			1	0	0	1	0	0
6			1	0	1	0	0	1
5			1	1	0	0	0
6			1	1	0	0	0	1
6			1	1	1	0	0	0

40
4			0	0	0	0
5			0	0	0	0	0
6			0	0	0	0	0	0
6			0	0	0	0	0	1
5			0	0	0	0	1
6			0	0	0	1	0	0
6			0	0	1	0	1	1
6			0	0	1	1	1	1
5			0	1	0	1	1
6			0	1	0	1	1	1
6			0	1	1	0	1	0
4			0	1	1	1
6			0	1	1	1	0	0
6			0	1	1	1	0	1
5			0	1	1	1	1
6			0	1	1	1	1	1
5			1	0	0	1	0
4			1	0	1	0
6			1	0	1	0	1	1
4			1	0	1	1
6			1	0	1	1	0	1
5			1	0	1	1	1
6			1	0	1	1	1	0
6			1	0	1	1	1	1
6			1	1	0	0	0	0
5			1	1	0	0	1
6			1	1	0	0	1	0
5			1	1	0	1	0
6			1	1	0	1	0	0
6			1	1	0	1	1	1
3			1	1	1
4			1	1	1	0
6			1	1	1	0	0	1
5			1	1	1	0	1
6			1	1	1	0	1	0
4			1	1	1	1
5			1	1	1	1	0
6			1	1	1	1	0	1
5			1	1	1	1	1
6			1	1	1	1	1	0

8
3 0 0
6 0 0
5 2 1
4 1 0
5 3 0
0 2 1
6 7 0
7 3 1
