17
6			0	0	0	0	1	1
5			0	0	0	1	1
6			0	0	0	1	1	1
6			0	0	1	0	1	1
6			0	0	1	1	0	1
5			0	0	1	1	1
6			0	0	1	1	1	0
6			0	1	0	0	0	0
6			0	1	0	1	1	0
6			0	1	0	1	1	1
4			0	1	1	1
6			1	0	0	0	1	1
6			1	0	0	1	1	1
5			1	0	1	0	1
6			1	1	0	1	0	0
6			1	1	0	1	0	1
6			1	1	1	1	0	1

13
6			0	0	0	0	1	0
4			0	0	1	0
6			0	1	0	0	1	0
6			0	1	0	1	0	0
6			0	1	1	1	1	0
6			1	0	0	0	0	1
5			1	0	0	1	0
6			1	0	1	0	1	1
6			1	1	0	0	1	1
6			1	1	0	1	1	0
6			1	1	1	1	0	0
5			1	1	1	1	1
6			1	1	1	1	1	1

7
3 5 0
4 0 0
2 6 1
0 3 1
0 2 0
4 2 0
2 1 1
